<?xml version="1.0" encoding="UTF-8"?>
<testsuite xmlns:xsi="http://www.w3.org/2001/XMLSchema-instance" xsi:noNamespaceSchemaLocation="https://maven.apache.org/surefire/maven-surefire-plugin/xsd/surefire-test-report.xsd" name="com.autoscout.springboot.ApiControllerTest" time="13.288" tests="5" errors="0" skipped="0" failures="1">
  <properties>
    <property name="java.specification.version" value="15"/>
    <property name="sun.jnu.encoding" value="UTF-8"/>
    <property name="java.class.path" value="/Users/pritishkishorekumar/Desktop/ListingWebApp/WebApp/target/test-classes:/Users/pritishkishorekumar/Desktop/ListingWebApp/WebApp/target/classes:/Users/pritishkishorekumar/.m2/repository/org/springframework/boot/spring-boot-starter-web/2.4.4/spring-boot-starter-web-2.4.4.jar:/Users/pritishkishorekumar/.m2/repository/org/springframework/boot/spring-boot-starter/2.4.4/spring-boot-starter-2.4.4.jar:/Users/pritishkishorekumar/.m2/repository/org/springframework/boot/spring-boot/2.4.4/spring-boot-2.4.4.jar:/Users/pritishkishorekumar/.m2/repository/org/springframework/boot/spring-boot-autoconfigure/2.4.4/spring-boot-autoconfigure-2.4.4.jar:/Users/pritishkishorekumar/.m2/repository/org/springframework/boot/spring-boot-starter-logging/2.4.4/spring-boot-starter-logging-2.4.4.jar:/Users/pritishkishorekumar/.m2/repository/ch/qos/logback/logback-classic/1.2.3/logback-classic-1.2.3.jar:/Users/pritishkishorekumar/.m2/repository/ch/qos/logback/logback-core/1.2.3/logback-core-1.2.3.jar:/Users/pritishkishorekumar/.m2/repository/org/apache/logging/log4j/log4j-to-slf4j/2.13.3/log4j-to-slf4j-2.13.3.jar:/Users/pritishkishorekumar/.m2/repository/org/apache/logging/log4j/log4j-api/2.13.3/log4j-api-2.13.3.jar:/Users/pritishkishorekumar/.m2/repository/org/slf4j/jul-to-slf4j/1.7.30/jul-to-slf4j-1.7.30.jar:/Users/pritishkishorekumar/.m2/repository/jakarta/annotation/jakarta.annotation-api/1.3.5/jakarta.annotation-api-1.3.5.jar:/Users/pritishkishorekumar/.m2/repository/org/yaml/snakeyaml/1.27/snakeyaml-1.27.jar:/Users/pritishkishorekumar/.m2/repository/org/springframework/boot/spring-boot-starter-json/2.4.4/spring-boot-starter-json-2.4.4.jar:/Users/pritishkishorekumar/.m2/repository/com/fasterxml/jackson/core/jackson-databind/2.11.4/jackson-databind-2.11.4.jar:/Users/pritishkishorekumar/.m2/repository/com/fasterxml/jackson/datatype/jackson-datatype-jdk8/2.11.4/jackson-datatype-jdk8-2.11.4.jar:/Users/pritishkishorekumar/.m2/repository/com/fasterxml/jackson/datatype/jackson-datatype-jsr310/2.11.4/jackson-datatype-jsr310-2.11.4.jar:/Users/pritishkishorekumar/.m2/repository/com/fasterxml/jackson/module/jackson-module-parameter-names/2.11.4/jackson-module-parameter-names-2.11.4.jar:/Users/pritishkishorekumar/.m2/repository/org/springframework/boot/spring-boot-starter-tomcat/2.4.4/spring-boot-starter-tomcat-2.4.4.jar:/Users/pritishkishorekumar/.m2/repository/org/apache/tomcat/embed/tomcat-embed-core/9.0.44/tomcat-embed-core-9.0.44.jar:/Users/pritishkishorekumar/.m2/repository/org/glassfish/jakarta.el/3.0.3/jakarta.el-3.0.3.jar:/Users/pritishkishorekumar/.m2/repository/org/apache/tomcat/embed/tomcat-embed-websocket/9.0.44/tomcat-embed-websocket-9.0.44.jar:/Users/pritishkishorekumar/.m2/repository/org/springframework/spring-web/5.3.5/spring-web-5.3.5.jar:/Users/pritishkishorekumar/.m2/repository/org/springframework/spring-beans/5.3.5/spring-beans-5.3.5.jar:/Users/pritishkishorekumar/.m2/repository/org/springframework/spring-webmvc/5.3.5/spring-webmvc-5.3.5.jar:/Users/pritishkishorekumar/.m2/repository/org/springframework/spring-aop/5.3.5/spring-aop-5.3.5.jar:/Users/pritishkishorekumar/.m2/repository/org/springframework/spring-context/5.3.5/spring-context-5.3.5.jar:/Users/pritishkishorekumar/.m2/repository/org/springframework/spring-expression/5.3.5/spring-expression-5.3.5.jar:/Users/pritishkishorekumar/.m2/repository/org/springframework/boot/spring-boot-starter-actuator/2.4.4/spring-boot-starter-actuator-2.4.4.jar:/Users/pritishkishorekumar/.m2/repository/org/springframework/boot/spring-boot-actuator-autoconfigure/2.4.4/spring-boot-actuator-autoconfigure-2.4.4.jar:/Users/pritishkishorekumar/.m2/repository/org/springframework/boot/spring-boot-actuator/2.4.4/spring-boot-actuator-2.4.4.jar:/Users/pritishkishorekumar/.m2/repository/io/micrometer/micrometer-core/1.6.5/micrometer-core-1.6.5.jar:/Users/pritishkishorekumar/.m2/repository/org/hdrhistogram/HdrHistogram/2.1.12/HdrHistogram-2.1.12.jar:/Users/pritishkishorekumar/.m2/repository/org/latencyutils/LatencyUtils/2.0.3/LatencyUtils-2.0.3.jar:/Users/pritishkishorekumar/.m2/repository/org/springframework/boot/spring-boot-starter-data-jpa/2.4.4/spring-boot-starter-data-jpa-2.4.4.jar:/Users/pritishkishorekumar/.m2/repository/org/springframework/boot/spring-boot-starter-aop/2.4.4/spring-boot-starter-aop-2.4.4.jar:/Users/pritishkishorekumar/.m2/repository/org/aspectj/aspectjweaver/1.9.6/aspectjweaver-1.9.6.jar:/Users/pritishkishorekumar/.m2/repository/org/springframework/boot/spring-boot-starter-jdbc/2.4.4/spring-boot-starter-jdbc-2.4.4.jar:/Users/pritishkishorekumar/.m2/repository/com/zaxxer/HikariCP/3.4.5/HikariCP-3.4.5.jar:/Users/pritishkishorekumar/.m2/repository/org/springframework/spring-jdbc/5.3.5/spring-jdbc-5.3.5.jar:/Users/pritishkishorekumar/.m2/repository/jakarta/transaction/jakarta.transaction-api/1.3.3/jakarta.transaction-api-1.3.3.jar:/Users/pritishkishorekumar/.m2/repository/jakarta/persistence/jakarta.persistence-api/2.2.3/jakarta.persistence-api-2.2.3.jar:/Users/pritishkishorekumar/.m2/repository/org/hibernate/hibernate-core/5.4.29.Final/hibernate-core-5.4.29.Final.jar:/Users/pritishkishorekumar/.m2/repository/org/jboss/logging/jboss-logging/3.4.1.Final/jboss-logging-3.4.1.Final.jar:/Users/pritishkishorekumar/.m2/repository/org/javassist/javassist/3.27.0-GA/javassist-3.27.0-GA.jar:/Users/pritishkishorekumar/.m2/repository/net/bytebuddy/byte-buddy/1.10.22/byte-buddy-1.10.22.jar:/Users/pritishkishorekumar/.m2/repository/antlr/antlr/2.7.7/antlr-2.7.7.jar:/Users/pritishkishorekumar/.m2/repository/org/jboss/jandex/2.2.3.Final/jandex-2.2.3.Final.jar:/Users/pritishkishorekumar/.m2/repository/org/dom4j/dom4j/2.1.3/dom4j-2.1.3.jar:/Users/pritishkishorekumar/.m2/repository/org/hibernate/common/hibernate-commons-annotations/5.1.2.Final/hibernate-commons-annotations-5.1.2.Final.jar:/Users/pritishkishorekumar/.m2/repository/org/glassfish/jaxb/jaxb-runtime/2.3.3/jaxb-runtime-2.3.3.jar:/Users/pritishkishorekumar/.m2/repository/org/glassfish/jaxb/txw2/2.3.3/txw2-2.3.3.jar:/Users/pritishkishorekumar/.m2/repository/com/sun/istack/istack-commons-runtime/3.0.11/istack-commons-runtime-3.0.11.jar:/Users/pritishkishorekumar/.m2/repository/com/sun/activation/jakarta.activation/1.2.2/jakarta.activation-1.2.2.jar:/Users/pritishkishorekumar/.m2/repository/org/springframework/data/spring-data-jpa/2.4.6/spring-data-jpa-2.4.6.jar:/Users/pritishkishorekumar/.m2/repository/org/springframework/data/spring-data-commons/2.4.6/spring-data-commons-2.4.6.jar:/Users/pritishkishorekumar/.m2/repository/org/springframework/spring-orm/5.3.5/spring-orm-5.3.5.jar:/Users/pritishkishorekumar/.m2/repository/org/springframework/spring-tx/5.3.5/spring-tx-5.3.5.jar:/Users/pritishkishorekumar/.m2/repository/org/springframework/spring-aspects/5.3.5/spring-aspects-5.3.5.jar:/Users/pritishkishorekumar/.m2/repository/com/h2database/h2/1.4.200/h2-1.4.200.jar:/Users/pritishkishorekumar/.m2/repository/org/springframework/boot/spring-boot-starter-thymeleaf/2.4.4/spring-boot-starter-thymeleaf-2.4.4.jar:/Users/pritishkishorekumar/.m2/repository/org/thymeleaf/thymeleaf-spring5/3.0.12.RELEASE/thymeleaf-spring5-3.0.12.RELEASE.jar:/Users/pritishkishorekumar/.m2/repository/org/thymeleaf/thymeleaf/3.0.12.RELEASE/thymeleaf-3.0.12.RELEASE.jar:/Users/pritishkishorekumar/.m2/repository/org/attoparser/attoparser/2.0.5.RELEASE/attoparser-2.0.5.RELEASE.jar:/Users/pritishkishorekumar/.m2/repository/org/unbescape/unbescape/1.1.6.RELEASE/unbescape-1.1.6.RELEASE.jar:/Users/pritishkishorekumar/.m2/repository/org/thymeleaf/extras/thymeleaf-extras-java8time/3.0.4.RELEASE/thymeleaf-extras-java8time-3.0.4.RELEASE.jar:/Users/pritishkishorekumar/.m2/repository/org/apache/commons/commons-lang3/3.0/commons-lang3-3.0.jar:/Users/pritishkishorekumar/.m2/repository/org/json/json/20180130/json-20180130.jar:/Users/pritishkishorekumar/.m2/repository/io/springfox/springfox-swagger2/2.9.2/springfox-swagger2-2.9.2.jar:/Users/pritishkishorekumar/.m2/repository/io/swagger/swagger-annotations/1.5.20/swagger-annotations-1.5.20.jar:/Users/pritishkishorekumar/.m2/repository/io/swagger/swagger-models/1.5.20/swagger-models-1.5.20.jar:/Users/pritishkishorekumar/.m2/repository/com/fasterxml/jackson/core/jackson-annotations/2.11.4/jackson-annotations-2.11.4.jar:/Users/pritishkishorekumar/.m2/repository/io/springfox/springfox-spi/2.9.2/springfox-spi-2.9.2.jar:/Users/pritishkishorekumar/.m2/repository/io/springfox/springfox-core/2.9.2/springfox-core-2.9.2.jar:/Users/pritishkishorekumar/.m2/repository/io/springfox/springfox-schema/2.9.2/springfox-schema-2.9.2.jar:/Users/pritishkishorekumar/.m2/repository/io/springfox/springfox-swagger-common/2.9.2/springfox-swagger-common-2.9.2.jar:/Users/pritishkishorekumar/.m2/repository/io/springfox/springfox-spring-web/2.9.2/springfox-spring-web-2.9.2.jar:/Users/pritishkishorekumar/.m2/repository/com/google/guava/guava/20.0/guava-20.0.jar:/Users/pritishkishorekumar/.m2/repository/com/fasterxml/classmate/1.5.1/classmate-1.5.1.jar:/Users/pritishkishorekumar/.m2/repository/org/slf4j/slf4j-api/1.7.30/slf4j-api-1.7.30.jar:/Users/pritishkishorekumar/.m2/repository/org/springframework/plugin/spring-plugin-core/1.2.0.RELEASE/spring-plugin-core-1.2.0.RELEASE.jar:/Users/pritishkishorekumar/.m2/repository/org/springframework/plugin/spring-plugin-metadata/1.2.0.RELEASE/spring-plugin-metadata-1.2.0.RELEASE.jar:/Users/pritishkishorekumar/.m2/repository/org/mapstruct/mapstruct/1.2.0.Final/mapstruct-1.2.0.Final.jar:/Users/pritishkishorekumar/.m2/repository/io/springfox/springfox-swagger-ui/2.9.2/springfox-swagger-ui-2.9.2.jar:/Users/pritishkishorekumar/.m2/repository/org/springdoc/springdoc-openapi-ui/1.5.2/springdoc-openapi-ui-1.5.2.jar:/Users/pritishkishorekumar/.m2/repository/org/springdoc/springdoc-openapi-webmvc-core/1.5.2/springdoc-openapi-webmvc-core-1.5.2.jar:/Users/pritishkishorekumar/.m2/repository/org/springdoc/springdoc-openapi-common/1.5.2/springdoc-openapi-common-1.5.2.jar:/Users/pritishkishorekumar/.m2/repository/io/swagger/core/v3/swagger-models/2.1.6/swagger-models-2.1.6.jar:/Users/pritishkishorekumar/.m2/repository/io/swagger/core/v3/swagger-annotations/2.1.6/swagger-annotations-2.1.6.jar:/Users/pritishkishorekumar/.m2/repository/io/swagger/core/v3/swagger-integration/2.1.6/swagger-integration-2.1.6.jar:/Users/pritishkishorekumar/.m2/repository/io/swagger/core/v3/swagger-core/2.1.6/swagger-core-2.1.6.jar:/Users/pritishkishorekumar/.m2/repository/com/fasterxml/jackson/dataformat/jackson-dataformat-yaml/2.11.4/jackson-dataformat-yaml-2.11.4.jar:/Users/pritishkishorekumar/.m2/repository/jakarta/validation/jakarta.validation-api/2.0.2/jakarta.validation-api-2.0.2.jar:/Users/pritishkishorekumar/.m2/repository/io/github/classgraph/classgraph/4.8.69/classgraph-4.8.69.jar:/Users/pritishkishorekumar/.m2/repository/org/webjars/swagger-ui/3.38.0/swagger-ui-3.38.0.jar:/Users/pritishkishorekumar/.m2/repository/org/webjars/webjars-locator-core/0.46/webjars-locator-core-0.46.jar:/Users/pritishkishorekumar/.m2/repository/com/fasterxml/jackson/core/jackson-core/2.11.4/jackson-core-2.11.4.jar:/Users/pritishkishorekumar/.m2/repository/org/apache/commons/commons-csv/1.8/commons-csv-1.8.jar:/Users/pritishkishorekumar/.m2/repository/org/springframework/boot/spring-boot-starter-test/2.4.4/spring-boot-starter-test-2.4.4.jar:/Users/pritishkishorekumar/.m2/repository/org/springframework/boot/spring-boot-test/2.4.4/spring-boot-test-2.4.4.jar:/Users/pritishkishorekumar/.m2/repository/org/springframework/boot/spring-boot-test-autoconfigure/2.4.4/spring-boot-test-autoconfigure-2.4.4.jar:/Users/pritishkishorekumar/.m2/repository/com/jayway/jsonpath/json-path/2.4.0/json-path-2.4.0.jar:/Users/pritishkishorekumar/.m2/repository/net/minidev/json-smart/2.3/json-smart-2.3.jar:/Users/pritishkishorekumar/.m2/repository/net/minidev/accessors-smart/1.2/accessors-smart-1.2.jar:/Users/pritishkishorekumar/.m2/repository/org/ow2/asm/asm/5.0.4/asm-5.0.4.jar:/Users/pritishkishorekumar/.m2/repository/jakarta/xml/bind/jakarta.xml.bind-api/2.3.3/jakarta.xml.bind-api-2.3.3.jar:/Users/pritishkishorekumar/.m2/repository/jakarta/activation/jakarta.activation-api/1.2.2/jakarta.activation-api-1.2.2.jar:/Users/pritishkishorekumar/.m2/repository/org/assertj/assertj-core/3.18.1/assertj-core-3.18.1.jar:/Users/pritishkishorekumar/.m2/repository/org/hamcrest/hamcrest/2.2/hamcrest-2.2.jar:/Users/pritishkishorekumar/.m2/repository/org/junit/jupiter/junit-jupiter/5.7.1/junit-jupiter-5.7.1.jar:/Users/pritishkishorekumar/.m2/repository/org/junit/jupiter/junit-jupiter-api/5.7.1/junit-jupiter-api-5.7.1.jar:/Users/pritishkishorekumar/.m2/repository/org/apiguardian/apiguardian-api/1.1.0/apiguardian-api-1.1.0.jar:/Users/pritishkishorekumar/.m2/repository/org/opentest4j/opentest4j/1.2.0/opentest4j-1.2.0.jar:/Users/pritishkishorekumar/.m2/repository/org/junit/platform/junit-platform-commons/1.7.1/junit-platform-commons-1.7.1.jar:/Users/pritishkishorekumar/.m2/repository/org/junit/jupiter/junit-jupiter-params/5.7.1/junit-jupiter-params-5.7.1.jar:/Users/pritishkishorekumar/.m2/repository/org/junit/jupiter/junit-jupiter-engine/5.7.1/junit-jupiter-engine-5.7.1.jar:/Users/pritishkishorekumar/.m2/repository/org/junit/platform/junit-platform-engine/1.7.1/junit-platform-engine-1.7.1.jar:/Users/pritishkishorekumar/.m2/repository/org/mockito/mockito-core/3.6.28/mockito-core-3.6.28.jar:/Users/pritishkishorekumar/.m2/repository/net/bytebuddy/byte-buddy-agent/1.10.22/byte-buddy-agent-1.10.22.jar:/Users/pritishkishorekumar/.m2/repository/org/objenesis/objenesis/3.1/objenesis-3.1.jar:/Users/pritishkishorekumar/.m2/repository/org/mockito/mockito-junit-jupiter/3.6.28/mockito-junit-jupiter-3.6.28.jar:/Users/pritishkishorekumar/.m2/repository/org/skyscreamer/jsonassert/1.5.0/jsonassert-1.5.0.jar:/Users/pritishkishorekumar/.m2/repository/com/vaadin/external/google/android-json/0.0.20131108.vaadin1/android-json-0.0.20131108.vaadin1.jar:/Users/pritishkishorekumar/.m2/repository/org/springframework/spring-core/5.3.5/spring-core-5.3.5.jar:/Users/pritishkishorekumar/.m2/repository/org/springframework/spring-jcl/5.3.5/spring-jcl-5.3.5.jar:/Users/pritishkishorekumar/.m2/repository/org/springframework/spring-test/5.3.5/spring-test-5.3.5.jar:/Users/pritishkishorekumar/.m2/repository/org/xmlunit/xmlunit-core/2.7.0/xmlunit-core-2.7.0.jar:/Users/pritishkishorekumar/.m2/repository/junit/junit/4.10/junit-4.10.jar:/Users/pritishkishorekumar/.m2/repository/org/hamcrest/hamcrest-core/2.2/hamcrest-core-2.2.jar:"/>
    <property name="java.vm.vendor" value="Oracle Corporation"/>
    <property name="sun.arch.data.model" value="64"/>
    <property name="java.vendor.url" value="https://openjdk.java.net/"/>
    <property name="os.name" value="Mac OS X"/>
    <property name="java.vm.specification.version" value="15"/>
    <property name="sun.java.launcher" value="SUN_STANDARD"/>
    <property name="user.country" value="IN"/>
    <property name="sun.boot.library.path" value="/usr/local/Cellar/openjdk/15.0.1/libexec/openjdk.jdk/Contents/Home/lib"/>
    <property name="sun.java.command" value="/Users/pritishkishorekumar/Desktop/ListingWebApp/WebApp/target/surefire/surefirebooter3064076883513973998.jar /Users/pritishkishorekumar/Desktop/ListingWebApp/WebApp/target/surefire 2021-06-03T16-58-27_448-jvmRun1 surefire14162144557872895124tmp surefire_010272857618140631566tmp"/>
    <property name="http.nonProxyHosts" value="local|*.local|169.254/16|*.169.254/16"/>
    <property name="jdk.debug" value="release"/>
    <property name="surefire.test.class.path" value="/Users/pritishkishorekumar/Desktop/ListingWebApp/WebApp/target/test-classes:/Users/pritishkishorekumar/Desktop/ListingWebApp/WebApp/target/classes:/Users/pritishkishorekumar/.m2/repository/org/springframework/boot/spring-boot-starter-web/2.4.4/spring-boot-starter-web-2.4.4.jar:/Users/pritishkishorekumar/.m2/repository/org/springframework/boot/spring-boot-starter/2.4.4/spring-boot-starter-2.4.4.jar:/Users/pritishkishorekumar/.m2/repository/org/springframework/boot/spring-boot/2.4.4/spring-boot-2.4.4.jar:/Users/pritishkishorekumar/.m2/repository/org/springframework/boot/spring-boot-autoconfigure/2.4.4/spring-boot-autoconfigure-2.4.4.jar:/Users/pritishkishorekumar/.m2/repository/org/springframework/boot/spring-boot-starter-logging/2.4.4/spring-boot-starter-logging-2.4.4.jar:/Users/pritishkishorekumar/.m2/repository/ch/qos/logback/logback-classic/1.2.3/logback-classic-1.2.3.jar:/Users/pritishkishorekumar/.m2/repository/ch/qos/logback/logback-core/1.2.3/logback-core-1.2.3.jar:/Users/pritishkishorekumar/.m2/repository/org/apache/logging/log4j/log4j-to-slf4j/2.13.3/log4j-to-slf4j-2.13.3.jar:/Users/pritishkishorekumar/.m2/repository/org/apache/logging/log4j/log4j-api/2.13.3/log4j-api-2.13.3.jar:/Users/pritishkishorekumar/.m2/repository/org/slf4j/jul-to-slf4j/1.7.30/jul-to-slf4j-1.7.30.jar:/Users/pritishkishorekumar/.m2/repository/jakarta/annotation/jakarta.annotation-api/1.3.5/jakarta.annotation-api-1.3.5.jar:/Users/pritishkishorekumar/.m2/repository/org/yaml/snakeyaml/1.27/snakeyaml-1.27.jar:/Users/pritishkishorekumar/.m2/repository/org/springframework/boot/spring-boot-starter-json/2.4.4/spring-boot-starter-json-2.4.4.jar:/Users/pritishkishorekumar/.m2/repository/com/fasterxml/jackson/core/jackson-databind/2.11.4/jackson-databind-2.11.4.jar:/Users/pritishkishorekumar/.m2/repository/com/fasterxml/jackson/datatype/jackson-datatype-jdk8/2.11.4/jackson-datatype-jdk8-2.11.4.jar:/Users/pritishkishorekumar/.m2/repository/com/fasterxml/jackson/datatype/jackson-datatype-jsr310/2.11.4/jackson-datatype-jsr310-2.11.4.jar:/Users/pritishkishorekumar/.m2/repository/com/fasterxml/jackson/module/jackson-module-parameter-names/2.11.4/jackson-module-parameter-names-2.11.4.jar:/Users/pritishkishorekumar/.m2/repository/org/springframework/boot/spring-boot-starter-tomcat/2.4.4/spring-boot-starter-tomcat-2.4.4.jar:/Users/pritishkishorekumar/.m2/repository/org/apache/tomcat/embed/tomcat-embed-core/9.0.44/tomcat-embed-core-9.0.44.jar:/Users/pritishkishorekumar/.m2/repository/org/glassfish/jakarta.el/3.0.3/jakarta.el-3.0.3.jar:/Users/pritishkishorekumar/.m2/repository/org/apache/tomcat/embed/tomcat-embed-websocket/9.0.44/tomcat-embed-websocket-9.0.44.jar:/Users/pritishkishorekumar/.m2/repository/org/springframework/spring-web/5.3.5/spring-web-5.3.5.jar:/Users/pritishkishorekumar/.m2/repository/org/springframework/spring-beans/5.3.5/spring-beans-5.3.5.jar:/Users/pritishkishorekumar/.m2/repository/org/springframework/spring-webmvc/5.3.5/spring-webmvc-5.3.5.jar:/Users/pritishkishorekumar/.m2/repository/org/springframework/spring-aop/5.3.5/spring-aop-5.3.5.jar:/Users/pritishkishorekumar/.m2/repository/org/springframework/spring-context/5.3.5/spring-context-5.3.5.jar:/Users/pritishkishorekumar/.m2/repository/org/springframework/spring-expression/5.3.5/spring-expression-5.3.5.jar:/Users/pritishkishorekumar/.m2/repository/org/springframework/boot/spring-boot-starter-actuator/2.4.4/spring-boot-starter-actuator-2.4.4.jar:/Users/pritishkishorekumar/.m2/repository/org/springframework/boot/spring-boot-actuator-autoconfigure/2.4.4/spring-boot-actuator-autoconfigure-2.4.4.jar:/Users/pritishkishorekumar/.m2/repository/org/springframework/boot/spring-boot-actuator/2.4.4/spring-boot-actuator-2.4.4.jar:/Users/pritishkishorekumar/.m2/repository/io/micrometer/micrometer-core/1.6.5/micrometer-core-1.6.5.jar:/Users/pritishkishorekumar/.m2/repository/org/hdrhistogram/HdrHistogram/2.1.12/HdrHistogram-2.1.12.jar:/Users/pritishkishorekumar/.m2/repository/org/latencyutils/LatencyUtils/2.0.3/LatencyUtils-2.0.3.jar:/Users/pritishkishorekumar/.m2/repository/org/springframework/boot/spring-boot-starter-data-jpa/2.4.4/spring-boot-starter-data-jpa-2.4.4.jar:/Users/pritishkishorekumar/.m2/repository/org/springframework/boot/spring-boot-starter-aop/2.4.4/spring-boot-starter-aop-2.4.4.jar:/Users/pritishkishorekumar/.m2/repository/org/aspectj/aspectjweaver/1.9.6/aspectjweaver-1.9.6.jar:/Users/pritishkishorekumar/.m2/repository/org/springframework/boot/spring-boot-starter-jdbc/2.4.4/spring-boot-starter-jdbc-2.4.4.jar:/Users/pritishkishorekumar/.m2/repository/com/zaxxer/HikariCP/3.4.5/HikariCP-3.4.5.jar:/Users/pritishkishorekumar/.m2/repository/org/springframework/spring-jdbc/5.3.5/spring-jdbc-5.3.5.jar:/Users/pritishkishorekumar/.m2/repository/jakarta/transaction/jakarta.transaction-api/1.3.3/jakarta.transaction-api-1.3.3.jar:/Users/pritishkishorekumar/.m2/repository/jakarta/persistence/jakarta.persistence-api/2.2.3/jakarta.persistence-api-2.2.3.jar:/Users/pritishkishorekumar/.m2/repository/org/hibernate/hibernate-core/5.4.29.Final/hibernate-core-5.4.29.Final.jar:/Users/pritishkishorekumar/.m2/repository/org/jboss/logging/jboss-logging/3.4.1.Final/jboss-logging-3.4.1.Final.jar:/Users/pritishkishorekumar/.m2/repository/org/javassist/javassist/3.27.0-GA/javassist-3.27.0-GA.jar:/Users/pritishkishorekumar/.m2/repository/net/bytebuddy/byte-buddy/1.10.22/byte-buddy-1.10.22.jar:/Users/pritishkishorekumar/.m2/repository/antlr/antlr/2.7.7/antlr-2.7.7.jar:/Users/pritishkishorekumar/.m2/repository/org/jboss/jandex/2.2.3.Final/jandex-2.2.3.Final.jar:/Users/pritishkishorekumar/.m2/repository/org/dom4j/dom4j/2.1.3/dom4j-2.1.3.jar:/Users/pritishkishorekumar/.m2/repository/org/hibernate/common/hibernate-commons-annotations/5.1.2.Final/hibernate-commons-annotations-5.1.2.Final.jar:/Users/pritishkishorekumar/.m2/repository/org/glassfish/jaxb/jaxb-runtime/2.3.3/jaxb-runtime-2.3.3.jar:/Users/pritishkishorekumar/.m2/repository/org/glassfish/jaxb/txw2/2.3.3/txw2-2.3.3.jar:/Users/pritishkishorekumar/.m2/repository/com/sun/istack/istack-commons-runtime/3.0.11/istack-commons-runtime-3.0.11.jar:/Users/pritishkishorekumar/.m2/repository/com/sun/activation/jakarta.activation/1.2.2/jakarta.activation-1.2.2.jar:/Users/pritishkishorekumar/.m2/repository/org/springframework/data/spring-data-jpa/2.4.6/spring-data-jpa-2.4.6.jar:/Users/pritishkishorekumar/.m2/repository/org/springframework/data/spring-data-commons/2.4.6/spring-data-commons-2.4.6.jar:/Users/pritishkishorekumar/.m2/repository/org/springframework/spring-orm/5.3.5/spring-orm-5.3.5.jar:/Users/pritishkishorekumar/.m2/repository/org/springframework/spring-tx/5.3.5/spring-tx-5.3.5.jar:/Users/pritishkishorekumar/.m2/repository/org/springframework/spring-aspects/5.3.5/spring-aspects-5.3.5.jar:/Users/pritishkishorekumar/.m2/repository/com/h2database/h2/1.4.200/h2-1.4.200.jar:/Users/pritishkishorekumar/.m2/repository/org/springframework/boot/spring-boot-starter-thymeleaf/2.4.4/spring-boot-starter-thymeleaf-2.4.4.jar:/Users/pritishkishorekumar/.m2/repository/org/thymeleaf/thymeleaf-spring5/3.0.12.RELEASE/thymeleaf-spring5-3.0.12.RELEASE.jar:/Users/pritishkishorekumar/.m2/repository/org/thymeleaf/thymeleaf/3.0.12.RELEASE/thymeleaf-3.0.12.RELEASE.jar:/Users/pritishkishorekumar/.m2/repository/org/attoparser/attoparser/2.0.5.RELEASE/attoparser-2.0.5.RELEASE.jar:/Users/pritishkishorekumar/.m2/repository/org/unbescape/unbescape/1.1.6.RELEASE/unbescape-1.1.6.RELEASE.jar:/Users/pritishkishorekumar/.m2/repository/org/thymeleaf/extras/thymeleaf-extras-java8time/3.0.4.RELEASE/thymeleaf-extras-java8time-3.0.4.RELEASE.jar:/Users/pritishkishorekumar/.m2/repository/org/apache/commons/commons-lang3/3.0/commons-lang3-3.0.jar:/Users/pritishkishorekumar/.m2/repository/org/json/json/20180130/json-20180130.jar:/Users/pritishkishorekumar/.m2/repository/io/springfox/springfox-swagger2/2.9.2/springfox-swagger2-2.9.2.jar:/Users/pritishkishorekumar/.m2/repository/io/swagger/swagger-annotations/1.5.20/swagger-annotations-1.5.20.jar:/Users/pritishkishorekumar/.m2/repository/io/swagger/swagger-models/1.5.20/swagger-models-1.5.20.jar:/Users/pritishkishorekumar/.m2/repository/com/fasterxml/jackson/core/jackson-annotations/2.11.4/jackson-annotations-2.11.4.jar:/Users/pritishkishorekumar/.m2/repository/io/springfox/springfox-spi/2.9.2/springfox-spi-2.9.2.jar:/Users/pritishkishorekumar/.m2/repository/io/springfox/springfox-core/2.9.2/springfox-core-2.9.2.jar:/Users/pritishkishorekumar/.m2/repository/io/springfox/springfox-schema/2.9.2/springfox-schema-2.9.2.jar:/Users/pritishkishorekumar/.m2/repository/io/springfox/springfox-swagger-common/2.9.2/springfox-swagger-common-2.9.2.jar:/Users/pritishkishorekumar/.m2/repository/io/springfox/springfox-spring-web/2.9.2/springfox-spring-web-2.9.2.jar:/Users/pritishkishorekumar/.m2/repository/com/google/guava/guava/20.0/guava-20.0.jar:/Users/pritishkishorekumar/.m2/repository/com/fasterxml/classmate/1.5.1/classmate-1.5.1.jar:/Users/pritishkishorekumar/.m2/repository/org/slf4j/slf4j-api/1.7.30/slf4j-api-1.7.30.jar:/Users/pritishkishorekumar/.m2/repository/org/springframework/plugin/spring-plugin-core/1.2.0.RELEASE/spring-plugin-core-1.2.0.RELEASE.jar:/Users/pritishkishorekumar/.m2/repository/org/springframework/plugin/spring-plugin-metadata/1.2.0.RELEASE/spring-plugin-metadata-1.2.0.RELEASE.jar:/Users/pritishkishorekumar/.m2/repository/org/mapstruct/mapstruct/1.2.0.Final/mapstruct-1.2.0.Final.jar:/Users/pritishkishorekumar/.m2/repository/io/springfox/springfox-swagger-ui/2.9.2/springfox-swagger-ui-2.9.2.jar:/Users/pritishkishorekumar/.m2/repository/org/springdoc/springdoc-openapi-ui/1.5.2/springdoc-openapi-ui-1.5.2.jar:/Users/pritishkishorekumar/.m2/repository/org/springdoc/springdoc-openapi-webmvc-core/1.5.2/springdoc-openapi-webmvc-core-1.5.2.jar:/Users/pritishkishorekumar/.m2/repository/org/springdoc/springdoc-openapi-common/1.5.2/springdoc-openapi-common-1.5.2.jar:/Users/pritishkishorekumar/.m2/repository/io/swagger/core/v3/swagger-models/2.1.6/swagger-models-2.1.6.jar:/Users/pritishkishorekumar/.m2/repository/io/swagger/core/v3/swagger-annotations/2.1.6/swagger-annotations-2.1.6.jar:/Users/pritishkishorekumar/.m2/repository/io/swagger/core/v3/swagger-integration/2.1.6/swagger-integration-2.1.6.jar:/Users/pritishkishorekumar/.m2/repository/io/swagger/core/v3/swagger-core/2.1.6/swagger-core-2.1.6.jar:/Users/pritishkishorekumar/.m2/repository/com/fasterxml/jackson/dataformat/jackson-dataformat-yaml/2.11.4/jackson-dataformat-yaml-2.11.4.jar:/Users/pritishkishorekumar/.m2/repository/jakarta/validation/jakarta.validation-api/2.0.2/jakarta.validation-api-2.0.2.jar:/Users/pritishkishorekumar/.m2/repository/io/github/classgraph/classgraph/4.8.69/classgraph-4.8.69.jar:/Users/pritishkishorekumar/.m2/repository/org/webjars/swagger-ui/3.38.0/swagger-ui-3.38.0.jar:/Users/pritishkishorekumar/.m2/repository/org/webjars/webjars-locator-core/0.46/webjars-locator-core-0.46.jar:/Users/pritishkishorekumar/.m2/repository/com/fasterxml/jackson/core/jackson-core/2.11.4/jackson-core-2.11.4.jar:/Users/pritishkishorekumar/.m2/repository/org/apache/commons/commons-csv/1.8/commons-csv-1.8.jar:/Users/pritishkishorekumar/.m2/repository/org/springframework/boot/spring-boot-starter-test/2.4.4/spring-boot-starter-test-2.4.4.jar:/Users/pritishkishorekumar/.m2/repository/org/springframework/boot/spring-boot-test/2.4.4/spring-boot-test-2.4.4.jar:/Users/pritishkishorekumar/.m2/repository/org/springframework/boot/spring-boot-test-autoconfigure/2.4.4/spring-boot-test-autoconfigure-2.4.4.jar:/Users/pritishkishorekumar/.m2/repository/com/jayway/jsonpath/json-path/2.4.0/json-path-2.4.0.jar:/Users/pritishkishorekumar/.m2/repository/net/minidev/json-smart/2.3/json-smart-2.3.jar:/Users/pritishkishorekumar/.m2/repository/net/minidev/accessors-smart/1.2/accessors-smart-1.2.jar:/Users/pritishkishorekumar/.m2/repository/org/ow2/asm/asm/5.0.4/asm-5.0.4.jar:/Users/pritishkishorekumar/.m2/repository/jakarta/xml/bind/jakarta.xml.bind-api/2.3.3/jakarta.xml.bind-api-2.3.3.jar:/Users/pritishkishorekumar/.m2/repository/jakarta/activation/jakarta.activation-api/1.2.2/jakarta.activation-api-1.2.2.jar:/Users/pritishkishorekumar/.m2/repository/org/assertj/assertj-core/3.18.1/assertj-core-3.18.1.jar:/Users/pritishkishorekumar/.m2/repository/org/hamcrest/hamcrest/2.2/hamcrest-2.2.jar:/Users/pritishkishorekumar/.m2/repository/org/junit/jupiter/junit-jupiter/5.7.1/junit-jupiter-5.7.1.jar:/Users/pritishkishorekumar/.m2/repository/org/junit/jupiter/junit-jupiter-api/5.7.1/junit-jupiter-api-5.7.1.jar:/Users/pritishkishorekumar/.m2/repository/org/apiguardian/apiguardian-api/1.1.0/apiguardian-api-1.1.0.jar:/Users/pritishkishorekumar/.m2/repository/org/opentest4j/opentest4j/1.2.0/opentest4j-1.2.0.jar:/Users/pritishkishorekumar/.m2/repository/org/junit/platform/junit-platform-commons/1.7.1/junit-platform-commons-1.7.1.jar:/Users/pritishkishorekumar/.m2/repository/org/junit/jupiter/junit-jupiter-params/5.7.1/junit-jupiter-params-5.7.1.jar:/Users/pritishkishorekumar/.m2/repository/org/junit/jupiter/junit-jupiter-engine/5.7.1/junit-jupiter-engine-5.7.1.jar:/Users/pritishkishorekumar/.m2/repository/org/junit/platform/junit-platform-engine/1.7.1/junit-platform-engine-1.7.1.jar:/Users/pritishkishorekumar/.m2/repository/org/mockito/mockito-core/3.6.28/mockito-core-3.6.28.jar:/Users/pritishkishorekumar/.m2/repository/net/bytebuddy/byte-buddy-agent/1.10.22/byte-buddy-agent-1.10.22.jar:/Users/pritishkishorekumar/.m2/repository/org/objenesis/objenesis/3.1/objenesis-3.1.jar:/Users/pritishkishorekumar/.m2/repository/org/mockito/mockito-junit-jupiter/3.6.28/mockito-junit-jupiter-3.6.28.jar:/Users/pritishkishorekumar/.m2/repository/org/skyscreamer/jsonassert/1.5.0/jsonassert-1.5.0.jar:/Users/pritishkishorekumar/.m2/repository/com/vaadin/external/google/android-json/0.0.20131108.vaadin1/android-json-0.0.20131108.vaadin1.jar:/Users/pritishkishorekumar/.m2/repository/org/springframework/spring-core/5.3.5/spring-core-5.3.5.jar:/Users/pritishkishorekumar/.m2/repository/org/springframework/spring-jcl/5.3.5/spring-jcl-5.3.5.jar:/Users/pritishkishorekumar/.m2/repository/org/springframework/spring-test/5.3.5/spring-test-5.3.5.jar:/Users/pritishkishorekumar/.m2/repository/org/xmlunit/xmlunit-core/2.7.0/xmlunit-core-2.7.0.jar:/Users/pritishkishorekumar/.m2/repository/junit/junit/4.10/junit-4.10.jar:/Users/pritishkishorekumar/.m2/repository/org/hamcrest/hamcrest-core/2.2/hamcrest-core-2.2.jar:"/>
    <property name="sun.cpu.endian" value="little"/>
    <property name="user.home" value="/Users/pritishkishorekumar"/>
    <property name="user.language" value="en"/>
    <property name="java.specification.vendor" value="Oracle Corporation"/>
    <property name="java.version.date" value="2020-10-20"/>
    <property name="java.home" value="/usr/local/Cellar/openjdk/15.0.1/libexec/openjdk.jdk/Contents/Home"/>
    <property name="file.separator" value="/"/>
    <property name="basedir" value="/Users/pritishkishorekumar/Desktop/ListingWebApp/WebApp"/>
    <property name="java.vm.compressedOopsMode" value="Zero based"/>
    <property name="line.separator" value="&#10;"/>
    <property name="java.specification.name" value="Java Platform API Specification"/>
    <property name="java.vm.specification.vendor" value="Oracle Corporation"/>
    <property name="surefire.real.class.path" value="/Users/pritishkishorekumar/Desktop/ListingWebApp/WebApp/target/surefire/surefirebooter3064076883513973998.jar"/>
    <property name="sun.management.compiler" value="HotSpot 64-Bit Tiered Compilers"/>
    <property name="ftp.nonProxyHosts" value="local|*.local|169.254/16|*.169.254/16"/>
    <property name="java.runtime.version" value="15.0.1+9"/>
    <property name="user.name" value="pritishkishorekumar"/>
    <property name="path.separator" value=":"/>
    <property name="os.version" value="10.16"/>
    <property name="java.runtime.name" value="OpenJDK Runtime Environment"/>
    <property name="file.encoding" value="UTF-8"/>
    <property name="java.vm.name" value="OpenJDK 64-Bit Server VM"/>
    <property name="localRepository" value="/Users/pritishkishorekumar/.m2/repository"/>
    <property name="java.vendor.url.bug" value="https://bugreport.java.com/bugreport/"/>
    <property name="java.io.tmpdir" value="/var/folders/sb/n9930k3s10x1dp4h3krr345m0000gn/T/"/>
    <property name="java.version" value="15.0.1"/>
    <property name="user.dir" value="/Users/pritishkishorekumar/Desktop/ListingWebApp/WebApp"/>
    <property name="os.arch" value="x86_64"/>
    <property name="java.vm.specification.name" value="Java Virtual Machine Specification"/>
    <property name="java.library.path" value="/Users/pritishkishorekumar/Library/Java/Extensions:/Library/Java/Extensions:/Network/Library/Java/Extensions:/System/Library/Java/Extensions:/usr/lib/java:."/>
    <property name="java.vm.info" value="mixed mode, sharing"/>
    <property name="java.vendor" value="N/A"/>
    <property name="java.vm.version" value="15.0.1+9"/>
    <property name="sun.io.unicode.encoding" value="UnicodeBig"/>
    <property name="socksNonProxyHosts" value="local|*.local|169.254/16|*.169.254/16"/>
    <property name="java.class.version" value="59.0"/>
  </properties>
  <testcase name="monthlyReportTest" classname="com.autoscout.springboot.ApiControllerTest" time="0.672">
    <failure message="expected:&lt;[DOCTYPEhtmlhtmllangenheadtitleTop5mostfrequentlycontactlistingsbymonthtitlelinkrelstylesheethrefhttpsstackpathbootstrapcdncombootstrap441cssbootstrapmincssheadbodydivtabletabledivbodyhtml]&gt; but was:&lt;[0id296listingId1295makeMazdaprice12095mileage3500sellertypeprivateid171listingId1170makeMercedesBenzprice23955mileage8500sellertypedealerid176listingId1175makeVWprice32871mileage7000sellertypedealerid67listingId1066makeVWprice8960mileage4000sellertypeotherid86listingId1085makeAudiprice46614mileage8500sellertypeprivate1id182listingId1181makeRenaultprice8933mileage3500sellertypeotherid95listingId1094makeAudiprice32904mileage7000sellertypedealerid162listingId1161makeToyotaprice35621mileage3000sellertypedealerid36listingId1035makeMercedesBenzprice21943mileage8500sellertypeprivateid100listingId1099makeBWMprice5914mileage8500sellertypedealer2id32listingId1031makeMercedesBenzprice27501mileage5000sellertypeprivateid180listingId1179makeVWprice24072mileage7500sellertypedealerid200listingId1199makeAudiprice26739mileage9000sellertypeotherid76listingId1075makeAudiprice36845mileage7000sellertypedealerid77listingId1076makeRenaultprice8989mileage9500sellertypeprivate3id11listingId1010makeFiatprice41201mileage1500sellertypeotherid288listingId1287makeMercedesBenzprice46499mileage3000sellertypeotherid62listingId1061makeRenaultprice5641mileage7000sellertypeotherid198listingId1197makeMazdaprice40281mileage4500sellertypedealerid210listingId1209makeRenaultprice3109mileage9500sellertypeprivate4id114listingId1113makeBWMprice39436mileage2000sellertypedealerid267listingId1266makeRenaultprice33493mileage6000sellertypeprivateid283listingId1282makeVWprice3682mileage8500sellertypeprivateid287listingId1286makeBWMprice23002mileage2000sellertypedealerid166listingId1165makeFiatprice42864mileage5000sellertypedealer5id102listingId1101makeRenaultprice7771mileage1500sellertypedealerid16listingId1015makeMercedesBenzprice34927mileage5000sellertypedealerid298listingId1297makeToyotaprice7478mileage5500sellertypeprivateid221listingId1220makeFiatprice16315mileage3000sellertypeotherid241listingId1240makeBWMprice21131mileage3000sellertypedealer6id288listingId1287makeMercedesBenzprice46499mileage3000sellertypeotherid289listingId1288makeVWprice48205mileage4500sellertypeotherid291listingId1290makeAudiprice43005mileage7000sellertypeotherid294listingId1293makeRenaultprice7656mileage4000sellertypeprivateid300listingId1299makeFiatprice19832mileage8000sellertypeprivate]&gt;" type="org.junit.ComparisonFailure"><![CDATA[org.junit.ComparisonFailure: expected:<[DOCTYPEhtmlhtmllangenheadtitleTop5mostfrequentlycontactlistingsbymonthtitlelinkrelstylesheethrefhttpsstackpathbootstrapcdncombootstrap441cssbootstrapmincssheadbodydivtabletabledivbodyhtml]> but was:<[0id296listingId1295makeMazdaprice12095mileage3500sellertypeprivateid171listingId1170makeMercedesBenzprice23955mileage8500sellertypedealerid176listingId1175makeVWprice32871mileage7000sellertypedealerid67listingId1066makeVWprice8960mileage4000sellertypeotherid86listingId1085makeAudiprice46614mileage8500sellertypeprivate1id182listingId1181makeRenaultprice8933mileage3500sellertypeotherid95listingId1094makeAudiprice32904mileage7000sellertypedealerid162listingId1161makeToyotaprice35621mileage3000sellertypedealerid36listingId1035makeMercedesBenzprice21943mileage8500sellertypeprivateid100listingId1099makeBWMprice5914mileage8500sellertypedealer2id32listingId1031makeMercedesBenzprice27501mileage5000sellertypeprivateid180listingId1179makeVWprice24072mileage7500sellertypedealerid200listingId1199makeAudiprice26739mileage9000sellertypeotherid76listingId1075makeAudiprice36845mileage7000sellertypedealerid77listingId1076makeRenaultprice8989mileage9500sellertypeprivate3id11listingId1010makeFiatprice41201mileage1500sellertypeotherid288listingId1287makeMercedesBenzprice46499mileage3000sellertypeotherid62listingId1061makeRenaultprice5641mileage7000sellertypeotherid198listingId1197makeMazdaprice40281mileage4500sellertypedealerid210listingId1209makeRenaultprice3109mileage9500sellertypeprivate4id114listingId1113makeBWMprice39436mileage2000sellertypedealerid267listingId1266makeRenaultprice33493mileage6000sellertypeprivateid283listingId1282makeVWprice3682mileage8500sellertypeprivateid287listingId1286makeBWMprice23002mileage2000sellertypedealerid166listingId1165makeFiatprice42864mileage5000sellertypedealer5id102listingId1101makeRenaultprice7771mileage1500sellertypedealerid16listingId1015makeMercedesBenzprice34927mileage5000sellertypedealerid298listingId1297makeToyotaprice7478mileage5500sellertypeprivateid221listingId1220makeFiatprice16315mileage3000sellertypeotherid241listingId1240makeBWMprice21131mileage3000sellertypedealer6id288listingId1287makeMercedesBenzprice46499mileage3000sellertypeotherid289listingId1288makeVWprice48205mileage4500sellertypeotherid291listingId1290makeAudiprice43005mileage7000sellertypeotherid294listingId1293makeRenaultprice7656mileage4000sellertypeprivateid300listingId1299makeFiatprice19832mileage8000sellertypeprivate]>
	at com.autoscout.springboot.ApiControllerTest.monthlyReportTest(ApiControllerTest.java:146)
]]></failure>
    <system-out><![CDATA[16:58:28.705 [main] DEBUG org.springframework.test.context.BootstrapUtils - Instantiating CacheAwareContextLoaderDelegate from class [org.springframework.test.context.cache.DefaultCacheAwareContextLoaderDelegate]
16:58:28.720 [main] DEBUG org.springframework.test.context.BootstrapUtils - Instantiating BootstrapContext using constructor [public org.springframework.test.context.support.DefaultBootstrapContext(java.lang.Class,org.springframework.test.context.CacheAwareContextLoaderDelegate)]
16:58:28.779 [main] DEBUG org.springframework.test.context.BootstrapUtils - Instantiating TestContextBootstrapper for test class [com.autoscout.springboot.ApiControllerTest] from class [org.springframework.boot.test.context.SpringBootTestContextBootstrapper]
16:58:28.793 [main] DEBUG org.springframework.test.context.support.AbstractContextLoader - Did not detect default resource location for test class [com.autoscout.springboot.ApiControllerTest]: class path resource [com/autoscout/springboot/ApiControllerTest-context.xml] does not exist
16:58:28.794 [main] DEBUG org.springframework.test.context.support.AbstractContextLoader - Did not detect default resource location for test class [com.autoscout.springboot.ApiControllerTest]: class path resource [com/autoscout/springboot/ApiControllerTestContext.groovy] does not exist
16:58:28.795 [main] INFO org.springframework.test.context.support.AbstractContextLoader - Could not detect default resource locations for test class [com.autoscout.springboot.ApiControllerTest]: no resource found for suffixes {-context.xml, Context.groovy}.
16:58:28.876 [main] DEBUG org.springframework.test.context.support.ActiveProfilesUtils - Could not find an 'annotation declaring class' for annotation type [org.springframework.test.context.ActiveProfiles] and class [com.autoscout.springboot.ApiControllerTest]
16:58:29.047 [main] DEBUG org.springframework.boot.test.context.SpringBootTestContextBootstrapper - @TestExecutionListeners is not present for class [com.autoscout.springboot.ApiControllerTest]: using defaults.
16:58:29.047 [main] INFO org.springframework.boot.test.context.SpringBootTestContextBootstrapper - Loaded default TestExecutionListener class names from location [META-INF/spring.factories]: [org.springframework.boot.test.mock.mockito.MockitoTestExecutionListener, org.springframework.boot.test.mock.mockito.ResetMocksTestExecutionListener, org.springframework.boot.test.autoconfigure.restdocs.RestDocsTestExecutionListener, org.springframework.boot.test.autoconfigure.web.client.MockRestServiceServerResetTestExecutionListener, org.springframework.boot.test.autoconfigure.web.servlet.MockMvcPrintOnlyOnFailureTestExecutionListener, org.springframework.boot.test.autoconfigure.web.servlet.WebDriverTestExecutionListener, org.springframework.boot.test.autoconfigure.webservices.client.MockWebServiceServerTestExecutionListener, org.springframework.test.context.web.ServletTestExecutionListener, org.springframework.test.context.support.DirtiesContextBeforeModesTestExecutionListener, org.springframework.test.context.event.ApplicationEventsTestExecutionListener, org.springframework.test.context.support.DependencyInjectionTestExecutionListener, org.springframework.test.context.support.DirtiesContextTestExecutionListener, org.springframework.test.context.transaction.TransactionalTestExecutionListener, org.springframework.test.context.jdbc.SqlScriptsTestExecutionListener, org.springframework.test.context.event.EventPublishingTestExecutionListener]
16:58:29.065 [main] INFO org.springframework.boot.test.context.SpringBootTestContextBootstrapper - Using TestExecutionListeners: [org.springframework.test.context.web.ServletTestExecutionListener@436c81a3, org.springframework.test.context.support.DirtiesContextBeforeModesTestExecutionListener@3561c410, org.springframework.test.context.event.ApplicationEventsTestExecutionListener@59e32960, org.springframework.boot.test.mock.mockito.MockitoTestExecutionListener@7c214cc0, org.springframework.boot.test.autoconfigure.SpringBootDependencyInjectionTestExecutionListener@5b67bb7e, org.springframework.test.context.support.DirtiesContextTestExecutionListener@609db546, org.springframework.test.context.transaction.TransactionalTestExecutionListener@20f5281c, org.springframework.test.context.jdbc.SqlScriptsTestExecutionListener@56c4278e, org.springframework.test.context.event.EventPublishingTestExecutionListener@301eda63, org.springframework.boot.test.mock.mockito.ResetMocksTestExecutionListener@3d246ea3, org.springframework.boot.test.autoconfigure.restdocs.RestDocsTestExecutionListener@341814d3, org.springframework.boot.test.autoconfigure.web.client.MockRestServiceServerResetTestExecutionListener@4397ad89, org.springframework.boot.test.autoconfigure.web.servlet.MockMvcPrintOnlyOnFailureTestExecutionListener@59cba5a, org.springframework.boot.test.autoconfigure.web.servlet.WebDriverTestExecutionListener@1bd39d3c, org.springframework.boot.test.autoconfigure.webservices.client.MockWebServiceServerTestExecutionListener@6f19ac19]
16:58:29.075 [main] DEBUG org.springframework.test.context.support.AbstractDirtiesContextTestExecutionListener - Before test class: context [DefaultTestContext@2d778add testClass = ApiControllerTest, testInstance = [null], testMethod = [null], testException = [null], mergedContextConfiguration = [WebMergedContextConfiguration@73302995 testClass = ApiControllerTest, locations = '{}', classes = '{class com.autoscout.springboot.Application}', contextInitializerClasses = '[]', activeProfiles = '{}', propertySourceLocations = '{}', propertySourceProperties = '{org.springframework.boot.test.context.SpringBootTestContextBootstrapper=true}', contextCustomizers = set[[ImportsContextCustomizer@1838ccb8 key = [org.springframework.boot.test.autoconfigure.web.servlet.MockMvcAutoConfiguration, org.springframework.boot.test.autoconfigure.web.servlet.MockMvcWebClientAutoConfiguration, org.springframework.boot.test.autoconfigure.web.servlet.MockMvcWebDriverAutoConfiguration, org.springframework.boot.autoconfigure.security.oauth2.client.servlet.OAuth2ClientAutoConfiguration, org.springframework.boot.autoconfigure.security.oauth2.resource.servlet.OAuth2ResourceServerAutoConfiguration, org.springframework.boot.autoconfigure.security.servlet.SecurityAutoConfiguration, org.springframework.boot.autoconfigure.security.servlet.SecurityFilterAutoConfiguration, org.springframework.boot.autoconfigure.security.servlet.UserDetailsServiceAutoConfiguration, org.springframework.boot.test.autoconfigure.web.servlet.MockMvcSecurityConfiguration]], org.springframework.boot.test.context.filter.ExcludeFilterContextCustomizer@306e95ec, org.springframework.boot.test.json.DuplicateJsonObjectContextCustomizerFactory$DuplicateJsonObjectContextCustomizer@4f2b503c, org.springframework.boot.test.mock.mockito.MockitoContextCustomizer@0, org.springframework.boot.test.web.client.TestRestTemplateContextCustomizer@17497425, org.springframework.boot.test.autoconfigure.actuate.metrics.MetricsExportContextCustomizerFactory$DisableMetricExportContextCustomizer@957e06, org.springframework.boot.test.autoconfigure.properties.PropertyMappingContextCustomizer@4b3fa0b3, org.springframework.boot.test.autoconfigure.web.servlet.WebDriverContextCustomizerFactory$Customizer@47d9a273, org.springframework.test.context.web.socket.MockServerContainerContextCustomizer@1b11171f, org.springframework.boot.test.context.SpringBootTestArgs@1, org.springframework.boot.test.context.SpringBootTestWebEnvironment@2a556333], resourceBasePath = 'src/main/webapp', contextLoader = 'org.springframework.boot.test.context.SpringBootContextLoader', parent = [null]], attributes = map['org.springframework.test.context.web.ServletTestExecutionListener.activateListener' -> true]], class annotated with @DirtiesContext [false] with mode [null].
16:58:29.143 [main] DEBUG org.springframework.test.context.support.TestPropertySourceUtils - Adding inlined properties to environment: {spring.jmx.enabled=false, org.springframework.boot.test.context.SpringBootTestContextBootstrapper=true}

  .   ____          _            __ _ _
 /\\ / ___'_ __ _ _(_)_ __  __ _ \ \ \ \
( ( )\___ | '_ | '_| | '_ \/ _` | \ \ \ \
 \\/  ___)| |_)| | | | | || (_| |  ) ) ) )
  '  |____| .__|_| |_|_| |_\__, | / / / /
 =========|_|==============|___/=/_/_/_/
 :: Spring Boot ::                (v2.4.4)

2021-06-03 16:58:29.563  WARN 13488 --- [           main] ory$DuplicateJsonObjectContextCustomizer : 

Found multiple occurrences of org.json.JSONObject on the class path:

	jar:file:/Users/pritishkishorekumar/.m2/repository/org/json/json/20180130/json-20180130.jar!/org/json/JSONObject.class
	jar:file:/Users/pritishkishorekumar/.m2/repository/com/vaadin/external/google/android-json/0.0.20131108.vaadin1/android-json-0.0.20131108.vaadin1.jar!/org/json/JSONObject.class

You may wish to exclude one of them to ensure predictable runtime behavior

2021-06-03 16:58:29.585  INFO 13488 --- [           main] c.a.springboot.ApiControllerTest         : Starting ApiControllerTest using Java 15.0.1 on Pritishs-MBP.fritz.box with PID 13488 (started by pritishkishorekumar in /Users/pritishkishorekumar/Desktop/ListingWebApp/WebApp)
2021-06-03 16:58:29.595  INFO 13488 --- [           main] c.a.springboot.ApiControllerTest         : No active profile set, falling back to default profiles: default
2021-06-03 16:58:31.327  INFO 13488 --- [           main] .s.d.r.c.RepositoryConfigurationDelegate : Bootstrapping Spring Data JPA repositories in DEFAULT mode.
2021-06-03 16:58:31.460  INFO 13488 --- [           main] .s.d.r.c.RepositoryConfigurationDelegate : Finished Spring Data repository scanning in 120 ms. Found 2 JPA repository interfaces.
2021-06-03 16:58:32.831  INFO 13488 --- [           main] com.zaxxer.hikari.HikariDataSource       : HikariPool-1 - Starting...
2021-06-03 16:58:33.029  INFO 13488 --- [           main] com.zaxxer.hikari.HikariDataSource       : HikariPool-1 - Start completed.
2021-06-03 16:58:33.264  INFO 13488 --- [           main] o.hibernate.jpa.internal.util.LogHelper  : HHH000204: Processing PersistenceUnitInfo [name: default]
2021-06-03 16:58:33.355  INFO 13488 --- [           main] org.hibernate.Version                    : HHH000412: Hibernate ORM core version 5.4.29.Final
2021-06-03 16:58:33.490  INFO 13488 --- [           main] o.hibernate.annotations.common.Version   : HCANN000001: Hibernate Commons Annotations {5.1.2.Final}
2021-06-03 16:58:33.589  INFO 13488 --- [           main] org.hibernate.dialect.Dialect            : HHH000400: Using dialect: org.hibernate.dialect.H2Dialect
2021-06-03 16:58:34.092  INFO 13488 --- [           main] o.h.e.t.j.p.i.JtaPlatformInitiator       : HHH000490: Using JtaPlatform implementation: [org.hibernate.engine.transaction.jta.platform.internal.NoJtaPlatform]
2021-06-03 16:58:34.100  INFO 13488 --- [           main] j.LocalContainerEntityManagerFactoryBean : Initialized JPA EntityManagerFactory for persistence unit 'default'
2021-06-03 16:58:35.302  WARN 13488 --- [           main] JpaBaseConfiguration$JpaWebConfiguration : spring.jpa.open-in-view is enabled by default. Therefore, database queries may be performed during view rendering. Explicitly configure spring.jpa.open-in-view to disable this warning
2021-06-03 16:58:35.945  INFO 13488 --- [           main] o.s.b.a.e.web.EndpointLinksResolver      : Exposing 2 endpoint(s) beneath base path '/actuator'
2021-06-03 16:58:36.103  INFO 13488 --- [           main] pertySourcedRequestMappingHandlerMapping : Mapped URL path [/v2/api-docs] onto method [springfox.documentation.swagger2.web.Swagger2Controller#getDocumentation(String, HttpServletRequest)]
2021-06-03 16:58:36.356  INFO 13488 --- [           main] o.s.s.concurrent.ThreadPoolTaskExecutor  : Initializing ExecutorService 'applicationTaskExecutor'
2021-06-03 16:58:38.080  INFO 13488 --- [           main] o.s.b.t.m.w.SpringBootMockServletContext : Initializing Spring TestDispatcherServlet ''
2021-06-03 16:58:38.081  INFO 13488 --- [           main] o.s.t.web.servlet.TestDispatcherServlet  : Initializing Servlet ''
2021-06-03 16:58:38.083  INFO 13488 --- [           main] o.s.t.web.servlet.TestDispatcherServlet  : Completed initialization in 1 ms
2021-06-03 16:58:38.124  INFO 13488 --- [           main] d.s.w.p.DocumentationPluginsBootstrapper : Context refreshed
2021-06-03 16:58:38.140  INFO 13488 --- [           main] d.s.w.p.DocumentationPluginsBootstrapper : Found 1 custom documentation plugin(s)
2021-06-03 16:58:38.168  INFO 13488 --- [           main] s.d.s.w.s.ApiListingReferenceScanner     : Scanning for api listing references
2021-06-03 16:58:39.330  INFO 13488 --- [           main] .d.s.w.r.o.CachingOperationNameGenerator : Generating unique operation named: handleUsingGET_1
2021-06-03 16:58:39.349  INFO 13488 --- [           main] .d.s.w.r.o.CachingOperationNameGenerator : Generating unique operation named: handleUsingGET_2
2021-06-03 16:58:39.373  INFO 13488 --- [           main] .d.s.w.r.o.CachingOperationNameGenerator : Generating unique operation named: openapiJsonUsingGET_1
2021-06-03 16:58:39.521  INFO 13488 --- [           main] c.a.springboot.ApiControllerTest         : Started ApiControllerTest in 10.367 seconds (JVM running for 11.766)

MockHttpServletRequest:
      HTTP Method = GET
      Request URI = /monthly-report
       Parameters = {}
          Headers = []
             Body = null
    Session Attrs = {}

Handler:
             Type = com.autoscout.springboot.WebController
           Method = com.autoscout.springboot.WebController#getMonthlyReport(Model)

Async:
    Async started = false
     Async result = null

Resolved Exception:
             Type = null

ModelAndView:
        View name = monthly-report
             View = null
        Attribute = monthlyReport
            value = {}

FlashMap:
       Attributes = null

MockHttpServletResponse:
           Status = 200
    Error message = null
          Headers = [Content-Language:"en", Content-Type:"text/html;charset=UTF-8"]
     Content type = text/html;charset=UTF-8
             Body = <!DOCTYPE html>
<html lang="en">
<head>
    <title>Top 5 most frequently contact listings by month</title>
    <link rel="stylesheet" href="https://stackpath.bootstrapcdn.com/bootstrap/4.4.1/css/bootstrap.min.css">
</head>
<body>
<div>
    
    <table>
        
    </table>
</div>
</body>
</html>
    Forwarded URL = null
   Redirected URL = null
          Cookies = []
]]></system-out>
  </testcase>
  <testcase name="uploadContactFileTest" classname="com.autoscout.springboot.ApiControllerTest" time="0.924"/>
  <testcase name="uploadListingFileTest" classname="com.autoscout.springboot.ApiControllerTest" time="0.514"/>
  <testcase name="top30ContactTest" classname="com.autoscout.springboot.ApiControllerTest" time="0.085"/>
  <testcase name="averagePriceTest" classname="com.autoscout.springboot.ApiControllerTest" time="0.024"/>
</testsuite>